{"week": 0, "day": 0, "drivers_size": [100, 6], "requests_size": [966, 8]}
{"week": 0, "day": 1, "drivers_size": [100, 6], "requests_size": [947, 8]}
{"week": 0, "day": 2, "drivers_size": [100, 6], "requests_size": [953, 8]}
{"week": 0, "day": 3, "drivers_size": [100, 6], "requests_size": [910, 8]}
{"week": 0, "day": 4, "drivers_size": [100, 6], "requests_size": [951, 8]}
{"week": 0, "day": 5, "drivers_size": [100, 6], "requests_size": [920, 8]}
{"week": 0, "day": 6, "drivers_size": [100, 6], "requests_size": [894, 8]}
{"week": 1, "day": 0, "drivers_size": [100, 6], "requests_size": [992, 8]}
{"week": 1, "day": 1, "drivers_size": [100, 6], "requests_size": [1010, 8]}
{"week": 1, "day": 2, "drivers_size": [100, 6], "requests_size": [971, 8]}
{"week": 1, "day": 3, "drivers_size": [100, 6], "requests_size": [1004, 8]}
{"week": 1, "day": 4, "drivers_size": [100, 6], "requests_size": [919, 8]}
{"week": 1, "day": 5, "drivers_size": [100, 6], "requests_size": [969, 8]}
{"week": 1, "day": 6, "drivers_size": [100, 6], "requests_size": [960, 8]}
{"week": 2, "day": 0, "drivers_size": [100, 6], "requests_size": [971, 8]}
{"week": 2, "day": 1, "drivers_size": [100, 6], "requests_size": [971, 8]}
{"week": 2, "day": 2, "drivers_size": [100, 6], "requests_size": [974, 8]}
{"week": 2, "day": 3, "drivers_size": [100, 6], "requests_size": [993, 8]}
{"week": 2, "day": 4, "drivers_size": [100, 6], "requests_size": [988, 8]}
{"week": 2, "day": 5, "drivers_size": [100, 6], "requests_size": [954, 8]}
{"week": 2, "day": 6, "drivers_size": [100, 6], "requests_size": [943, 8]}
{"week": 3, "day": 0, "drivers_size": [100, 6], "requests_size": [993, 8]}
{"week": 3, "day": 1, "drivers_size": [100, 6], "requests_size": [923, 8]}
{"week": 3, "day": 2, "drivers_size": [100, 6], "requests_size": [928, 8]}
{"week": 3, "day": 3, "drivers_size": [100, 6], "requests_size": [932, 8]}
{"week": 3, "day": 4, "drivers_size": [100, 6], "requests_size": [943, 8]}
{"week": 3, "day": 5, "drivers_size": [100, 6], "requests_size": [959, 8]}
{"week": 3, "day": 6, "drivers_size": [100, 6], "requests_size": [909, 8]}
{"week": 4, "day": 0, "drivers_size": [100, 6], "requests_size": [1001, 8]}
{"week": 4, "day": 1, "drivers_size": [100, 6], "requests_size": [985, 8]}
{"week": 4, "day": 2, "drivers_size": [100, 6], "requests_size": [975, 8]}
{"week": 4, "day": 3, "drivers_size": [100, 6], "requests_size": [1006, 8]}
{"week": 4, "day": 4, "drivers_size": [100, 6], "requests_size": [1002, 8]}
{"week": 4, "day": 5, "drivers_size": [100, 6], "requests_size": [990, 8]}
{"week": 4, "day": 6, "drivers_size": [100, 6], "requests_size": [1068, 8]}
{"week": 5, "day": 0, "drivers_size": [100, 6], "requests_size": [1005, 8]}
{"week": 5, "day": 1, "drivers_size": [100, 6], "requests_size": [998, 8]}
{"week": 5, "day": 2, "drivers_size": [100, 6], "requests_size": [940, 8]}
{"week": 5, "day": 3, "drivers_size": [100, 6], "requests_size": [1012, 8]}
{"week": 5, "day": 4, "drivers_size": [100, 6], "requests_size": [978, 8]}
{"week": 5, "day": 5, "drivers_size": [100, 6], "requests_size": [946, 8]}
{"week": 5, "day": 6, "drivers_size": [100, 6], "requests_size": [985, 8]}
{"week": 6, "day": 0, "drivers_size": [100, 6], "requests_size": [1065, 8]}
{"week": 6, "day": 1, "drivers_size": [100, 6], "requests_size": [1031, 8]}
{"week": 6, "day": 2, "drivers_size": [100, 6], "requests_size": [1054, 8]}
{"week": 6, "day": 3, "drivers_size": [100, 6], "requests_size": [990, 8]}
{"week": 6, "day": 4, "drivers_size": [100, 6], "requests_size": [1057, 8]}
{"week": 6, "day": 5, "drivers_size": [100, 6], "requests_size": [1057, 8]}
{"week": 6, "day": 6, "drivers_size": [100, 6], "requests_size": [1038, 8]}
{"week": 7, "day": 0, "drivers_size": [100, 6], "requests_size": [1020, 8]}
{"week": 7, "day": 1, "drivers_size": [100, 6], "requests_size": [1036, 8]}
{"week": 7, "day": 2, "drivers_size": [100, 6], "requests_size": [1014, 8]}
{"week": 7, "day": 3, "drivers_size": [100, 6], "requests_size": [1024, 8]}
{"week": 7, "day": 4, "drivers_size": [100, 6], "requests_size": [1039, 8]}
{"week": 7, "day": 5, "drivers_size": [100, 6], "requests_size": [1003, 8]}
{"week": 7, "day": 6, "drivers_size": [100, 6], "requests_size": [1006, 8]}
{"week": 8, "day": 0, "drivers_size": [100, 6], "requests_size": [998, 8]}
{"week": 8, "day": 1, "drivers_size": [100, 6], "requests_size": [1040, 8]}
{"week": 8, "day": 2, "drivers_size": [100, 6], "requests_size": [914, 8]}
{"week": 8, "day": 3, "drivers_size": [100, 6], "requests_size": [1029, 8]}
{"week": 8, "day": 4, "drivers_size": [100, 6], "requests_size": [920, 8]}
{"week": 8, "day": 5, "drivers_size": [100, 6], "requests_size": [1023, 8]}
{"week": 8, "day": 6, "drivers_size": [100, 6], "requests_size": [989, 8]}
{"week": 9, "day": 0, "drivers_size": [100, 6], "requests_size": [874, 8]}
{"week": 9, "day": 1, "drivers_size": [100, 6], "requests_size": [939, 8]}
{"week": 9, "day": 2, "drivers_size": [100, 6], "requests_size": [941, 8]}
{"week": 9, "day": 3, "drivers_size": [100, 6], "requests_size": [917, 8]}
{"week": 9, "day": 4, "drivers_size": [100, 6], "requests_size": [919, 8]}
{"week": 9, "day": 5, "drivers_size": [100, 6], "requests_size": [943, 8]}
{"week": 9, "day": 6, "drivers_size": [100, 6], "requests_size": [914, 8]}
