{"week": 0, "day": 0, "drivers_size": [100, 6], "requests_size": [927, 8]}
{"week": 0, "day": 0, "drivers_size": [100, 6], "requests_size": [927, 8]}
{"week": 0, "day": 1, "drivers_size": [100, 6], "requests_size": [900, 8]}
{"week": 0, "day": 1, "drivers_size": [100, 6], "requests_size": [900, 8]}
{"week": 0, "day": 2, "drivers_size": [100, 6], "requests_size": [935, 8]}
{"week": 0, "day": 2, "drivers_size": [100, 6], "requests_size": [935, 8]}
{"week": 0, "day": 3, "drivers_size": [100, 6], "requests_size": [951, 8]}
{"week": 0, "day": 3, "drivers_size": [100, 6], "requests_size": [951, 8]}
{"week": 0, "day": 4, "drivers_size": [100, 6], "requests_size": [948, 8]}
{"week": 0, "day": 4, "drivers_size": [100, 6], "requests_size": [948, 8]}
{"week": 0, "day": 5, "drivers_size": [100, 6], "requests_size": [942, 8]}
{"week": 0, "day": 5, "drivers_size": [100, 6], "requests_size": [942, 8]}
{"week": 0, "day": 6, "drivers_size": [100, 6], "requests_size": [876, 8]}
{"week": 0, "day": 6, "drivers_size": [100, 6], "requests_size": [876, 8]}
{"week": 1, "day": 0, "drivers_size": [100, 6], "requests_size": [1025, 8]}
{"week": 1, "day": 0, "drivers_size": [100, 6], "requests_size": [1025, 8]}
{"week": 1, "day": 1, "drivers_size": [100, 6], "requests_size": [997, 8]}
{"week": 1, "day": 1, "drivers_size": [100, 6], "requests_size": [997, 8]}
{"week": 1, "day": 2, "drivers_size": [100, 6], "requests_size": [1075, 8]}
{"week": 1, "day": 2, "drivers_size": [100, 6], "requests_size": [1075, 8]}
{"week": 1, "day": 3, "drivers_size": [100, 6], "requests_size": [996, 8]}
{"week": 1, "day": 3, "drivers_size": [100, 6], "requests_size": [996, 8]}
{"week": 1, "day": 4, "drivers_size": [100, 6], "requests_size": [1025, 8]}
{"week": 1, "day": 4, "drivers_size": [100, 6], "requests_size": [1025, 8]}
{"week": 1, "day": 5, "drivers_size": [100, 6], "requests_size": [1066, 8]}
{"week": 1, "day": 5, "drivers_size": [100, 6], "requests_size": [1066, 8]}
{"week": 1, "day": 6, "drivers_size": [100, 6], "requests_size": [1002, 8]}
{"week": 1, "day": 6, "drivers_size": [100, 6], "requests_size": [1002, 8]}
{"week": 2, "day": 0, "drivers_size": [100, 6], "requests_size": [1009, 8]}
{"week": 2, "day": 0, "drivers_size": [100, 6], "requests_size": [1009, 8]}
{"week": 2, "day": 1, "drivers_size": [100, 6], "requests_size": [1012, 8]}
{"week": 2, "day": 1, "drivers_size": [100, 6], "requests_size": [1012, 8]}
{"week": 2, "day": 2, "drivers_size": [100, 6], "requests_size": [1034, 8]}
{"week": 2, "day": 2, "drivers_size": [100, 6], "requests_size": [1034, 8]}
{"week": 2, "day": 3, "drivers_size": [100, 6], "requests_size": [1019, 8]}
{"week": 2, "day": 3, "drivers_size": [100, 6], "requests_size": [1019, 8]}
{"week": 2, "day": 4, "drivers_size": [100, 6], "requests_size": [941, 8]}
{"week": 2, "day": 4, "drivers_size": [100, 6], "requests_size": [941, 8]}
{"week": 2, "day": 5, "drivers_size": [100, 6], "requests_size": [1005, 8]}
{"week": 2, "day": 5, "drivers_size": [100, 6], "requests_size": [1005, 8]}
{"week": 2, "day": 6, "drivers_size": [100, 6], "requests_size": [1002, 8]}
{"week": 2, "day": 6, "drivers_size": [100, 6], "requests_size": [1002, 8]}
{"week": 3, "day": 0, "drivers_size": [100, 6], "requests_size": [1042, 8]}
{"week": 3, "day": 0, "drivers_size": [100, 6], "requests_size": [1042, 8]}
{"week": 3, "day": 1, "drivers_size": [100, 6], "requests_size": [1033, 8]}
{"week": 3, "day": 1, "drivers_size": [100, 6], "requests_size": [1033, 8]}
{"week": 3, "day": 2, "drivers_size": [100, 6], "requests_size": [1015, 8]}
{"week": 3, "day": 2, "drivers_size": [100, 6], "requests_size": [1015, 8]}
{"week": 3, "day": 3, "drivers_size": [100, 6], "requests_size": [1046, 8]}
{"week": 3, "day": 3, "drivers_size": [100, 6], "requests_size": [1046, 8]}
{"week": 3, "day": 4, "drivers_size": [100, 6], "requests_size": [1004, 8]}
{"week": 3, "day": 4, "drivers_size": [100, 6], "requests_size": [1004, 8]}
{"week": 3, "day": 5, "drivers_size": [100, 6], "requests_size": [1018, 8]}
{"week": 3, "day": 5, "drivers_size": [100, 6], "requests_size": [1018, 8]}
{"week": 3, "day": 6, "drivers_size": [100, 6], "requests_size": [973, 8]}
{"week": 3, "day": 6, "drivers_size": [100, 6], "requests_size": [973, 8]}
{"week": 4, "day": 0, "drivers_size": [100, 6], "requests_size": [1061, 8]}
{"week": 4, "day": 0, "drivers_size": [100, 6], "requests_size": [1061, 8]}
{"week": 4, "day": 1, "drivers_size": [100, 6], "requests_size": [980, 8]}
{"week": 4, "day": 1, "drivers_size": [100, 6], "requests_size": [980, 8]}
{"week": 4, "day": 2, "drivers_size": [100, 6], "requests_size": [1016, 8]}
{"week": 4, "day": 2, "drivers_size": [100, 6], "requests_size": [1016, 8]}
{"week": 4, "day": 3, "drivers_size": [100, 6], "requests_size": [971, 8]}
{"week": 4, "day": 3, "drivers_size": [100, 6], "requests_size": [971, 8]}
{"week": 4, "day": 4, "drivers_size": [100, 6], "requests_size": [1014, 8]}
{"week": 4, "day": 4, "drivers_size": [100, 6], "requests_size": [1014, 8]}
{"week": 4, "day": 5, "drivers_size": [100, 6], "requests_size": [1015, 8]}
{"week": 4, "day": 5, "drivers_size": [100, 6], "requests_size": [1015, 8]}
{"week": 4, "day": 6, "drivers_size": [100, 6], "requests_size": [1047, 8]}
{"week": 4, "day": 6, "drivers_size": [100, 6], "requests_size": [1047, 8]}
{"week": 5, "day": 0, "drivers_size": [100, 6], "requests_size": [1065, 8]}
{"week": 5, "day": 0, "drivers_size": [100, 6], "requests_size": [1065, 8]}
{"week": 5, "day": 1, "drivers_size": [100, 6], "requests_size": [961, 8]}
{"week": 5, "day": 1, "drivers_size": [100, 6], "requests_size": [961, 8]}
{"week": 5, "day": 2, "drivers_size": [100, 6], "requests_size": [943, 8]}
{"week": 5, "day": 2, "drivers_size": [100, 6], "requests_size": [943, 8]}
{"week": 5, "day": 3, "drivers_size": [100, 6], "requests_size": [940, 8]}
{"week": 5, "day": 3, "drivers_size": [100, 6], "requests_size": [940, 8]}
{"week": 5, "day": 4, "drivers_size": [100, 6], "requests_size": [1000, 8]}
{"week": 5, "day": 4, "drivers_size": [100, 6], "requests_size": [1000, 8]}
{"week": 5, "day": 5, "drivers_size": [100, 6], "requests_size": [1013, 8]}
{"week": 5, "day": 5, "drivers_size": [100, 6], "requests_size": [1013, 8]}
{"week": 5, "day": 6, "drivers_size": [100, 6], "requests_size": [1031, 8]}
{"week": 5, "day": 6, "drivers_size": [100, 6], "requests_size": [1031, 8]}
{"week": 6, "day": 0, "drivers_size": [100, 6], "requests_size": [925, 8]}
{"week": 6, "day": 0, "drivers_size": [100, 6], "requests_size": [925, 8]}
{"week": 6, "day": 1, "drivers_size": [100, 6], "requests_size": [989, 8]}
{"week": 6, "day": 1, "drivers_size": [100, 6], "requests_size": [989, 8]}
{"week": 6, "day": 2, "drivers_size": [100, 6], "requests_size": [1010, 8]}
{"week": 6, "day": 2, "drivers_size": [100, 6], "requests_size": [1010, 8]}
{"week": 6, "day": 3, "drivers_size": [100, 6], "requests_size": [935, 8]}
{"week": 6, "day": 3, "drivers_size": [100, 6], "requests_size": [935, 8]}
{"week": 6, "day": 4, "drivers_size": [100, 6], "requests_size": [912, 8]}
{"week": 6, "day": 4, "drivers_size": [100, 6], "requests_size": [912, 8]}
{"week": 6, "day": 5, "drivers_size": [100, 6], "requests_size": [959, 8]}
{"week": 6, "day": 5, "drivers_size": [100, 6], "requests_size": [959, 8]}
{"week": 6, "day": 6, "drivers_size": [100, 6], "requests_size": [991, 8]}
{"week": 6, "day": 6, "drivers_size": [100, 6], "requests_size": [991, 8]}
{"week": 7, "day": 0, "drivers_size": [100, 6], "requests_size": [1003, 8]}
{"week": 7, "day": 0, "drivers_size": [100, 6], "requests_size": [1003, 8]}
{"week": 7, "day": 1, "drivers_size": [100, 6], "requests_size": [1037, 8]}
{"week": 7, "day": 1, "drivers_size": [100, 6], "requests_size": [1037, 8]}
{"week": 7, "day": 2, "drivers_size": [100, 6], "requests_size": [1096, 8]}
{"week": 7, "day": 2, "drivers_size": [100, 6], "requests_size": [1096, 8]}
{"week": 7, "day": 3, "drivers_size": [100, 6], "requests_size": [1073, 8]}
{"week": 7, "day": 3, "drivers_size": [100, 6], "requests_size": [1073, 8]}
{"week": 7, "day": 4, "drivers_size": [100, 6], "requests_size": [1057, 8]}
{"week": 7, "day": 4, "drivers_size": [100, 6], "requests_size": [1057, 8]}
{"week": 7, "day": 5, "drivers_size": [100, 6], "requests_size": [1044, 8]}
{"week": 7, "day": 5, "drivers_size": [100, 6], "requests_size": [1044, 8]}
{"week": 7, "day": 6, "drivers_size": [100, 6], "requests_size": [1057, 8]}
{"week": 7, "day": 6, "drivers_size": [100, 6], "requests_size": [1057, 8]}
{"week": 8, "day": 0, "drivers_size": [100, 6], "requests_size": [1027, 8]}
{"week": 8, "day": 0, "drivers_size": [100, 6], "requests_size": [1027, 8]}
{"week": 8, "day": 1, "drivers_size": [100, 6], "requests_size": [1024, 8]}
{"week": 8, "day": 1, "drivers_size": [100, 6], "requests_size": [1024, 8]}
{"week": 8, "day": 2, "drivers_size": [100, 6], "requests_size": [1065, 8]}
{"week": 8, "day": 2, "drivers_size": [100, 6], "requests_size": [1065, 8]}
{"week": 8, "day": 3, "drivers_size": [100, 6], "requests_size": [1015, 8]}
{"week": 8, "day": 3, "drivers_size": [100, 6], "requests_size": [1015, 8]}
{"week": 8, "day": 4, "drivers_size": [100, 6], "requests_size": [1001, 8]}
{"week": 8, "day": 4, "drivers_size": [100, 6], "requests_size": [1001, 8]}
{"week": 8, "day": 5, "drivers_size": [100, 6], "requests_size": [1005, 8]}
{"week": 8, "day": 5, "drivers_size": [100, 6], "requests_size": [1005, 8]}
{"week": 8, "day": 6, "drivers_size": [100, 6], "requests_size": [1052, 8]}
{"week": 8, "day": 6, "drivers_size": [100, 6], "requests_size": [1052, 8]}
{"week": 9, "day": 0, "drivers_size": [100, 6], "requests_size": [953, 8]}
{"week": 9, "day": 0, "drivers_size": [100, 6], "requests_size": [953, 8]}
{"week": 9, "day": 1, "drivers_size": [100, 6], "requests_size": [1018, 8]}
{"week": 9, "day": 1, "drivers_size": [100, 6], "requests_size": [1018, 8]}
{"week": 9, "day": 2, "drivers_size": [100, 6], "requests_size": [957, 8]}
{"week": 9, "day": 2, "drivers_size": [100, 6], "requests_size": [957, 8]}
{"week": 9, "day": 3, "drivers_size": [100, 6], "requests_size": [988, 8]}
{"week": 9, "day": 3, "drivers_size": [100, 6], "requests_size": [988, 8]}
{"week": 9, "day": 4, "drivers_size": [100, 6], "requests_size": [925, 8]}
{"week": 9, "day": 4, "drivers_size": [100, 6], "requests_size": [925, 8]}
{"week": 9, "day": 5, "drivers_size": [100, 6], "requests_size": [890, 8]}
{"week": 9, "day": 5, "drivers_size": [100, 6], "requests_size": [890, 8]}
{"week": 9, "day": 6, "drivers_size": [100, 6], "requests_size": [965, 8]}
{"week": 9, "day": 6, "drivers_size": [100, 6], "requests_size": [965, 8]}
{"week": 0, "day": 0, "drivers_size": [100, 6], "requests_size": [998, 8]}
{"week": 0, "day": 1, "drivers_size": [100, 6], "requests_size": [1087, 8]}
{"week": 0, "day": 2, "drivers_size": [100, 6], "requests_size": [1046, 8]}
{"week": 0, "day": 3, "drivers_size": [100, 6], "requests_size": [1067, 8]}
{"week": 0, "day": 4, "drivers_size": [100, 6], "requests_size": [988, 8]}
{"week": 0, "day": 5, "drivers_size": [100, 6], "requests_size": [970, 8]}
{"week": 0, "day": 6, "drivers_size": [100, 6], "requests_size": [1024, 8]}
{"week": 1, "day": 0, "drivers_size": [100, 6], "requests_size": [986, 8]}
{"week": 1, "day": 1, "drivers_size": [100, 6], "requests_size": [972, 8]}
{"week": 1, "day": 2, "drivers_size": [100, 6], "requests_size": [996, 8]}
{"week": 1, "day": 3, "drivers_size": [100, 6], "requests_size": [968, 8]}
{"week": 1, "day": 4, "drivers_size": [100, 6], "requests_size": [984, 8]}
{"week": 1, "day": 5, "drivers_size": [100, 6], "requests_size": [984, 8]}
{"week": 1, "day": 6, "drivers_size": [100, 6], "requests_size": [1023, 8]}
{"week": 2, "day": 0, "drivers_size": [100, 6], "requests_size": [1004, 8]}
{"week": 2, "day": 1, "drivers_size": [100, 6], "requests_size": [1020, 8]}
{"week": 2, "day": 2, "drivers_size": [100, 6], "requests_size": [1019, 8]}
{"week": 2, "day": 3, "drivers_size": [100, 6], "requests_size": [1021, 8]}
{"week": 2, "day": 4, "drivers_size": [100, 6], "requests_size": [977, 8]}
{"week": 2, "day": 5, "drivers_size": [100, 6], "requests_size": [981, 8]}
{"week": 2, "day": 6, "drivers_size": [100, 6], "requests_size": [984, 8]}
{"week": 3, "day": 0, "drivers_size": [100, 6], "requests_size": [1035, 8]}
{"week": 3, "day": 1, "drivers_size": [100, 6], "requests_size": [1119, 8]}
{"week": 3, "day": 2, "drivers_size": [100, 6], "requests_size": [1000, 8]}
{"week": 3, "day": 3, "drivers_size": [100, 6], "requests_size": [1043, 8]}
{"week": 3, "day": 4, "drivers_size": [100, 6], "requests_size": [1072, 8]}
{"week": 3, "day": 5, "drivers_size": [100, 6], "requests_size": [1055, 8]}
{"week": 3, "day": 6, "drivers_size": [100, 6], "requests_size": [1013, 8]}
{"week": 4, "day": 0, "drivers_size": [100, 6], "requests_size": [942, 8]}
{"week": 4, "day": 1, "drivers_size": [100, 6], "requests_size": [933, 8]}
{"week": 4, "day": 2, "drivers_size": [100, 6], "requests_size": [939, 8]}
{"week": 4, "day": 3, "drivers_size": [100, 6], "requests_size": [899, 8]}
{"week": 4, "day": 4, "drivers_size": [100, 6], "requests_size": [927, 8]}
{"week": 4, "day": 5, "drivers_size": [100, 6], "requests_size": [885, 8]}
{"week": 4, "day": 6, "drivers_size": [100, 6], "requests_size": [977, 8]}
{"week": 5, "day": 0, "drivers_size": [100, 6], "requests_size": [994, 8]}
{"week": 5, "day": 1, "drivers_size": [100, 6], "requests_size": [1028, 8]}
{"week": 5, "day": 2, "drivers_size": [100, 6], "requests_size": [1018, 8]}
{"week": 5, "day": 3, "drivers_size": [100, 6], "requests_size": [968, 8]}
{"week": 5, "day": 4, "drivers_size": [100, 6], "requests_size": [989, 8]}
{"week": 5, "day": 5, "drivers_size": [100, 6], "requests_size": [959, 8]}
{"week": 5, "day": 6, "drivers_size": [100, 6], "requests_size": [1021, 8]}
{"week": 6, "day": 0, "drivers_size": [100, 6], "requests_size": [950, 8]}
{"week": 6, "day": 1, "drivers_size": [100, 6], "requests_size": [1005, 8]}
{"week": 6, "day": 2, "drivers_size": [100, 6], "requests_size": [948, 8]}
{"week": 6, "day": 3, "drivers_size": [100, 6], "requests_size": [1022, 8]}
{"week": 6, "day": 4, "drivers_size": [100, 6], "requests_size": [1031, 8]}
{"week": 6, "day": 5, "drivers_size": [100, 6], "requests_size": [1031, 8]}
{"week": 6, "day": 6, "drivers_size": [100, 6], "requests_size": [1023, 8]}
{"week": 7, "day": 0, "drivers_size": [100, 6], "requests_size": [1042, 8]}
{"week": 7, "day": 1, "drivers_size": [100, 6], "requests_size": [1000, 8]}
{"week": 7, "day": 2, "drivers_size": [100, 6], "requests_size": [979, 8]}
{"week": 7, "day": 3, "drivers_size": [100, 6], "requests_size": [995, 8]}
{"week": 7, "day": 4, "drivers_size": [100, 6], "requests_size": [995, 8]}
{"week": 7, "day": 5, "drivers_size": [100, 6], "requests_size": [1095, 8]}
{"week": 7, "day": 6, "drivers_size": [100, 6], "requests_size": [1039, 8]}
{"week": 8, "day": 0, "drivers_size": [100, 6], "requests_size": [995, 8]}
{"week": 8, "day": 1, "drivers_size": [100, 6], "requests_size": [1041, 8]}
{"week": 8, "day": 2, "drivers_size": [100, 6], "requests_size": [1009, 8]}
{"week": 8, "day": 3, "drivers_size": [100, 6], "requests_size": [979, 8]}
{"week": 8, "day": 4, "drivers_size": [100, 6], "requests_size": [1018, 8]}
{"week": 8, "day": 5, "drivers_size": [100, 6], "requests_size": [977, 8]}
{"week": 8, "day": 6, "drivers_size": [100, 6], "requests_size": [980, 8]}
{"week": 9, "day": 0, "drivers_size": [100, 6], "requests_size": [1065, 8]}
{"week": 9, "day": 1, "drivers_size": [100, 6], "requests_size": [1043, 8]}
{"week": 9, "day": 2, "drivers_size": [100, 6], "requests_size": [1025, 8]}
{"week": 9, "day": 3, "drivers_size": [100, 6], "requests_size": [1045, 8]}
{"week": 9, "day": 4, "drivers_size": [100, 6], "requests_size": [1047, 8]}
{"week": 9, "day": 5, "drivers_size": [100, 6], "requests_size": [1059, 8]}
{"week": 9, "day": 6, "drivers_size": [100, 6], "requests_size": [1028, 8]}
{"week": 0, "day": 0, "drivers_size": [100, 6], "requests_size": [925, 8]}
{"week": 0, "day": 1, "drivers_size": [100, 6], "requests_size": [918, 8]}
{"week": 0, "day": 2, "drivers_size": [100, 6], "requests_size": [973, 8]}
{"week": 0, "day": 3, "drivers_size": [100, 6], "requests_size": [934, 8]}
{"week": 0, "day": 4, "drivers_size": [100, 6], "requests_size": [960, 8]}
{"week": 0, "day": 5, "drivers_size": [100, 6], "requests_size": [989, 8]}
{"week": 0, "day": 6, "drivers_size": [100, 6], "requests_size": [949, 8]}
{"week": 1, "day": 0, "drivers_size": [100, 6], "requests_size": [977, 8]}
{"week": 1, "day": 1, "drivers_size": [100, 6], "requests_size": [1010, 8]}
{"week": 1, "day": 2, "drivers_size": [100, 6], "requests_size": [1039, 8]}
{"week": 1, "day": 3, "drivers_size": [100, 6], "requests_size": [986, 8]}
{"week": 1, "day": 4, "drivers_size": [100, 6], "requests_size": [1008, 8]}
{"week": 1, "day": 5, "drivers_size": [100, 6], "requests_size": [966, 8]}
{"week": 1, "day": 6, "drivers_size": [100, 6], "requests_size": [975, 8]}
{"week": 2, "day": 0, "drivers_size": [100, 6], "requests_size": [960, 8]}
{"week": 2, "day": 1, "drivers_size": [100, 6], "requests_size": [902, 8]}
{"week": 2, "day": 2, "drivers_size": [100, 6], "requests_size": [958, 8]}
{"week": 2, "day": 3, "drivers_size": [100, 6], "requests_size": [915, 8]}
{"week": 2, "day": 4, "drivers_size": [100, 6], "requests_size": [943, 8]}
{"week": 2, "day": 5, "drivers_size": [100, 6], "requests_size": [972, 8]}
{"week": 2, "day": 6, "drivers_size": [100, 6], "requests_size": [949, 8]}
{"week": 3, "day": 0, "drivers_size": [100, 6], "requests_size": [1033, 8]}
{"week": 3, "day": 1, "drivers_size": [100, 6], "requests_size": [1053, 8]}
{"week": 3, "day": 2, "drivers_size": [100, 6], "requests_size": [1079, 8]}
{"week": 3, "day": 3, "drivers_size": [100, 6], "requests_size": [974, 8]}
{"week": 3, "day": 4, "drivers_size": [100, 6], "requests_size": [1053, 8]}
{"week": 3, "day": 5, "drivers_size": [100, 6], "requests_size": [1041, 8]}
{"week": 3, "day": 6, "drivers_size": [100, 6], "requests_size": [1026, 8]}
{"week": 4, "day": 0, "drivers_size": [100, 6], "requests_size": [990, 8]}
{"week": 4, "day": 1, "drivers_size": [100, 6], "requests_size": [1006, 8]}
{"week": 4, "day": 2, "drivers_size": [100, 6], "requests_size": [955, 8]}
{"week": 4, "day": 3, "drivers_size": [100, 6], "requests_size": [990, 8]}
{"week": 4, "day": 4, "drivers_size": [100, 6], "requests_size": [975, 8]}
{"week": 4, "day": 5, "drivers_size": [100, 6], "requests_size": [1016, 8]}
{"week": 4, "day": 6, "drivers_size": [100, 6], "requests_size": [1027, 8]}
{"week": 5, "day": 0, "drivers_size": [100, 6], "requests_size": [1015, 8]}
{"week": 5, "day": 1, "drivers_size": [100, 6], "requests_size": [1045, 8]}
{"week": 5, "day": 2, "drivers_size": [100, 6], "requests_size": [1033, 8]}
{"week": 5, "day": 3, "drivers_size": [100, 6], "requests_size": [1041, 8]}
{"week": 5, "day": 4, "drivers_size": [100, 6], "requests_size": [1010, 8]}
{"week": 5, "day": 5, "drivers_size": [100, 6], "requests_size": [982, 8]}
{"week": 5, "day": 6, "drivers_size": [100, 6], "requests_size": [995, 8]}
{"week": 6, "day": 0, "drivers_size": [100, 6], "requests_size": [1033, 8]}
{"week": 6, "day": 1, "drivers_size": [100, 6], "requests_size": [1028, 8]}
{"week": 6, "day": 2, "drivers_size": [100, 6], "requests_size": [1049, 8]}
{"week": 6, "day": 3, "drivers_size": [100, 6], "requests_size": [1019, 8]}
{"week": 6, "day": 4, "drivers_size": [100, 6], "requests_size": [1073, 8]}
{"week": 6, "day": 5, "drivers_size": [100, 6], "requests_size": [1035, 8]}
{"week": 6, "day": 6, "drivers_size": [100, 6], "requests_size": [986, 8]}
{"week": 7, "day": 0, "drivers_size": [100, 6], "requests_size": [1104, 8]}
{"week": 7, "day": 1, "drivers_size": [100, 6], "requests_size": [1010, 8]}
{"week": 7, "day": 2, "drivers_size": [100, 6], "requests_size": [1084, 8]}
{"week": 7, "day": 3, "drivers_size": [100, 6], "requests_size": [1114, 8]}
{"week": 7, "day": 4, "drivers_size": [100, 6], "requests_size": [1083, 8]}
{"week": 7, "day": 5, "drivers_size": [100, 6], "requests_size": [979, 8]}
{"week": 7, "day": 6, "drivers_size": [100, 6], "requests_size": [1051, 8]}
{"week": 8, "day": 0, "drivers_size": [100, 6], "requests_size": [1036, 8]}
{"week": 8, "day": 1, "drivers_size": [100, 6], "requests_size": [1074, 8]}
{"week": 8, "day": 2, "drivers_size": [100, 6], "requests_size": [1042, 8]}
{"week": 8, "day": 3, "drivers_size": [100, 6], "requests_size": [1029, 8]}
{"week": 8, "day": 4, "drivers_size": [100, 6], "requests_size": [1010, 8]}
{"week": 8, "day": 5, "drivers_size": [100, 6], "requests_size": [1066, 8]}
{"week": 8, "day": 6, "drivers_size": [100, 6], "requests_size": [1052, 8]}
{"week": 9, "day": 0, "drivers_size": [100, 6], "requests_size": [982, 8]}
{"week": 9, "day": 1, "drivers_size": [100, 6], "requests_size": [1043, 8]}
{"week": 9, "day": 2, "drivers_size": [100, 6], "requests_size": [1005, 8]}
{"week": 9, "day": 3, "drivers_size": [100, 6], "requests_size": [984, 8]}
{"week": 9, "day": 4, "drivers_size": [100, 6], "requests_size": [983, 8]}
{"week": 9, "day": 5, "drivers_size": [100, 6], "requests_size": [1087, 8]}
{"week": 9, "day": 6, "drivers_size": [100, 6], "requests_size": [979, 8]}
